=== DELETE BOOKMARKS DEBUG ===
Time: 2025-11-19 15:40:32
Raw bookmark_ids: ["0196cc7f-b3f6-7d96-92ac-189961a38381"]
Decoded bookmark IDs: Array
(
    [0] => 0196cc7f-b3f6-7d96-92ac-189961a38381
)

Converted: 0196cc7f-b3f6-7d96-92ac-189961a38381 -> 0196cc7fb3f67d9692ac189961a38381
Bookmarks found with user filter: 1
Deleting bookmark ID: 0196cc7f-b3f6-7d96-92ac-189961a38381 for job: 0000
SUCCESS: Deleted 1 bookmarks
=== DELETE BOOKMARKS DEBUG ===
Time: 2025-11-19 15:40:44
Raw bookmark_ids: ["0196cc64-d004-737d-8fa8-c7836bf9063a"]
Decoded bookmark IDs: Array
(
    [0] => 0196cc64-d004-737d-8fa8-c7836bf9063a
)

Converted: 0196cc64-d004-737d-8fa8-c7836bf9063a -> 0196cc64d004737d8fa8c7836bf9063a
Bookmarks found with user filter: 1
Deleting bookmark ID: 0196cc64-d004-737d-8fa8-c7836bf9063a for job: lkjhl
SUCCESS: Deleted 1 bookmarks
=== DELETE BOOKMARKS DEBUG ===
Time: 2025-11-19 15:40:59
Raw bookmark_ids: ["0196eb19-ba1c-766d-b6a3-c0bf7b1fee95"]
Decoded bookmark IDs: Array
(
    [0] => 0196eb19-ba1c-766d-b6a3-c0bf7b1fee95
)

Converted: 0196eb19-ba1c-766d-b6a3-c0bf7b1fee95 -> 0196eb19ba1c766db6a3c0bf7b1fee95
Bookmarks found with user filter: 1
Deleting bookmark ID: 0196eb19-ba1c-766d-b6a3-c0bf7b1fee95 for job: lkjh
SUCCESS: Deleted 1 bookmarks
=== DELETE APPLICATIONS DEBUG ===
Time: 2025-11-19 15:53:02
Raw application_ids: ["019a6741-8e19-7744-90df-1c2638e1c59d"]
Decoded application IDs: Array
(
    [0] => 019a6741-8e19-7744-90df-1c2638e1c59d
)

Applications found with provider filter: 1
Processing application ID: 019a6741-8e19-7744-90df-1c2638e1c59d
 - Deleting application
SUCCESS: Deleted 1 applications
=== DELETE BOOKMARKS DEBUG ===
Time: 2025-11-20 02:19:10
Raw bookmark_ids (form): ["01969850-725b-78d6-9da4-996e7e768ebc"]
Parsed IDs from JSON string in form.
Final bookmark IDs: Array
(
    [0] => 01969850-725b-78d6-9da4-996e7e768ebc
)

Converted: 01969850-725b-78d6-9da4-996e7e768ebc -> 01969850725b78d69da4996e7e768ebc
Bookmarks found with user filter: 1
Deleting bookmark ID: 01969850-725b-78d6-9da4-996e7e768ebc for job: Suioioi
SUCCESS: Deleted 1 bookmarks
=== DELETE BOOKMARKS DEBUG ===
Time: 2025-11-20 04:05:01
Raw bookmark_ids (form): ["019a9caa-a5e6-7043-b0a8-9cffdd06be45"]
Parsed IDs from JSON string in form.
Final bookmark IDs: Array
(
    [0] => 019a9caa-a5e6-7043-b0a8-9cffdd06be45
)

Converted: 019a9caa-a5e6-7043-b0a8-9cffdd06be45 -> 019a9caaa5e67043b0a89cffdd06be45
Bookmarks found with user filter: 1
Deleting bookmark ID: 019a9caa-a5e6-7043-b0a8-9cffdd06be45 for job: Cement Mason and Concrete Finisher
SUCCESS: Deleted 1 bookmarks
=== DELETE BOOKMARKS DEBUG ===
Time: 2025-11-20 05:02:26
Raw bookmark_ids (form): 0196d8be-3807-782b-9725-6a9a050c5df0
Parsed IDs from comma-separated string in form.
Final bookmark IDs: Array
(
    [0] => 0196d8be-3807-782b-9725-6a9a050c5df0
)

Converted: 0196d8be-3807-782b-9725-6a9a050c5df0 -> 0196d8be3807782b97256a9a050c5df0
Bookmarks found with user filter: 0
ERROR: No bookmarks found with user filter
=== DELETE BOOKMARKS DEBUG ===
Time: 2025-11-20 05:02:36
Raw bookmark_ids (form): 019581b1-d6cf-7f46-a705-26d30bb4f7a1
Parsed IDs from comma-separated string in form.
Final bookmark IDs: Array
(
    [0] => 019581b1-d6cf-7f46-a705-26d30bb4f7a1
)

Converted: 019581b1-d6cf-7f46-a705-26d30bb4f7a1 -> 019581b1d6cf7f46a70526d30bb4f7a1
Bookmarks found with user filter: 0
ERROR: No bookmarks found with user filter
=== DELETE BOOKMARKS DEBUG ===
Time: 2025-11-20 05:03:43
Raw bookmark_ids (form): 0196b4d3-2a81-75fb-9711-d59e39091663
Parsed IDs from comma-separated string in form.
Final bookmark IDs: Array
(
    [0] => 0196b4d3-2a81-75fb-9711-d59e39091663
)

Converted: 0196b4d3-2a81-75fb-9711-d59e39091663 -> 0196b4d32a8175fb9711d59e39091663
Bookmarks found with user filter: 0
ERROR: No bookmarks found with user filter
=== DELETE BOOKMARKS DEBUG ===
Time: 2025-11-20 05:04:06
Raw bookmark_ids (form): 019581b1-d6cf-7f46-a705-26d30bb4f7a1
Parsed IDs from comma-separated string in form.
Final bookmark IDs: Array
(
    [0] => 019581b1-d6cf-7f46-a705-26d30bb4f7a1
)

Converted: 019581b1-d6cf-7f46-a705-26d30bb4f7a1 -> 019581b1d6cf7f46a70526d30bb4f7a1
Bookmarks found with user filter: 0
ERROR: No bookmarks found with user filter
=== DELETE BOOKMARKS DEBUG ===
Time: 2025-11-20 05:05:13
Raw bookmark_ids (form): 0196d8be-3806-7b5e-9427-67f07946eeb5
Parsed IDs from comma-separated string in form.
Final bookmark IDs: Array
(
    [0] => 0196d8be-3806-7b5e-9427-67f07946eeb5
)

Converted: 0196d8be-3806-7b5e-9427-67f07946eeb5 -> 0196d8be38067b5e942767f07946eeb5
Bookmarks found with user filter: 0
ERROR: No bookmarks found with user filter
=== DELETE BOOKMARKS DEBUG ===
Time: 2025-11-20 05:08:39
Raw bookmark_ids (form): 01965dbb-778c-7a95-b5f6-321fc872bfd1
Parsed IDs from comma-separated string in form.
Final bookmark IDs: Array
(
    [0] => 01965dbb-778c-7a95-b5f6-321fc872bfd1
)

Converted: 01965dbb-778c-7a95-b5f6-321fc872bfd1 -> 01965dbb778c7a95b5f6321fc872bfd1
Bookmarks found with user filter: 0
ERROR: No bookmarks found with user filter
=== DELETE BOOKMARKS DEBUG ===
Time: 2025-11-20 05:08:56
Raw bookmark_ids (form): 01965dbb-778c-7a95-b5f6-321fc872bfd1
Parsed IDs from comma-separated string in form.
Final bookmark IDs: Array
(
    [0] => 01965dbb-778c-7a95-b5f6-321fc872bfd1
)

Converted: 01965dbb-778c-7a95-b5f6-321fc872bfd1 -> 01965dbb778c7a95b5f6321fc872bfd1
Bookmarks found with user filter: 0
ERROR: No bookmarks found with user filter
=== DELETE BOOKMARKS DEBUG ===
Time: 2025-11-20 05:09:06
Raw bookmark_ids (form): 01965dbb-778c-7a95-b5f6-321fc872bfd1
Parsed IDs from comma-separated string in form.
Final bookmark IDs: Array
(
    [0] => 01965dbb-778c-7a95-b5f6-321fc872bfd1
)

Converted: 01965dbb-778c-7a95-b5f6-321fc872bfd1 -> 01965dbb778c7a95b5f6321fc872bfd1
Bookmarks found with user filter: 0
ERROR: No bookmarks found with user filter
=== DELETE BOOKMARKS DEBUG ===
Time: 2025-11-20 05:09:22
Raw bookmark_ids (form): 01965dbb-778c-7a95-b5f6-321fc872bfd1
Parsed IDs from comma-separated string in form.
Final bookmark IDs: Array
(
    [0] => 01965dbb-778c-7a95-b5f6-321fc872bfd1
)

Converted: 01965dbb-778c-7a95-b5f6-321fc872bfd1 -> 01965dbb778c7a95b5f6321fc872bfd1
Bookmarks found with user filter: 0
ERROR: No bookmarks found with user filter
=== DELETE BOOKMARKS DEBUG ===
Time: 2025-11-20 05:09:50
Raw bookmark_ids (form): 0196b4d3-2a81-75fb-9711-d59e39091663
Parsed IDs from comma-separated string in form.
Final bookmark IDs: Array
(
    [0] => 0196b4d3-2a81-75fb-9711-d59e39091663
)

Converted: 0196b4d3-2a81-75fb-9711-d59e39091663 -> 0196b4d32a8175fb9711d59e39091663
Bookmarks found with user filter: 0
ERROR: No bookmarks found with user filter
=== DELETE BOOKMARKS DEBUG ===
Time: 2025-11-20 05:09:57
Raw bookmark_ids (form): 01965dbb-778c-7a95-b5f6-321fc872bfd1
Parsed IDs from comma-separated string in form.
Final bookmark IDs: Array
(
    [0] => 01965dbb-778c-7a95-b5f6-321fc872bfd1
)

Converted: 01965dbb-778c-7a95-b5f6-321fc872bfd1 -> 01965dbb778c7a95b5f6321fc872bfd1
Bookmarks found with user filter: 0
ERROR: No bookmarks found with user filter
=== DELETE BOOKMARKS DEBUG ===
Time: 2025-11-20 05:10:05
Raw bookmark_ids (form): 01965dbb-778c-7a95-b5f6-321fc872bfd1
Parsed IDs from comma-separated string in form.
Final bookmark IDs: Array
(
    [0] => 01965dbb-778c-7a95-b5f6-321fc872bfd1
)

Converted: 01965dbb-778c-7a95-b5f6-321fc872bfd1 -> 01965dbb778c7a95b5f6321fc872bfd1
Bookmarks found with user filter: 0
ERROR: No bookmarks found with user filter
=== DELETE BOOKMARKS DEBUG ===
Time: 2025-11-20 05:11:05
Raw bookmark_ids (form): 01965dbe-6dc9-74ee-a9cb-7f317ef73189
Parsed IDs from comma-separated string in form.
Final bookmark IDs: Array
(
    [0] => 01965dbe-6dc9-74ee-a9cb-7f317ef73189
)

Converted: 01965dbe-6dc9-74ee-a9cb-7f317ef73189 -> 01965dbe6dc974eea9cb7f317ef73189
Bookmarks found with user filter: 1
Deleting bookmark ID: 01965dbe-6dc9-74ee-a9cb-7f317ef73189 for job: Nurse
SUCCESS: Deleted 1 bookmarks
=== DELETE BOOKMARKS DEBUG ===
Time: 2025-11-20 05:11:21
Raw bookmark_ids (form): 019a9caa-9e69-7ba9-9c75-76a11f816325
Parsed IDs from comma-separated string in form.
Final bookmark IDs: Array
(
    [0] => 019a9caa-9e69-7ba9-9c75-76a11f816325
)

Converted: 019a9caa-9e69-7ba9-9c75-76a11f816325 -> 019a9caa9e697ba99c7576a11f816325
Bookmarks found with user filter: 1
Deleting bookmark ID: 019a9caa-9e69-7ba9-9c75-76a11f816325 for job: Mail Clerk
SUCCESS: Deleted 1 bookmarks
=== DELETE BOOKMARKS DEBUG ===
Time: 2025-11-20 05:11:34
Raw bookmark_ids (form): 0196b4d4-7074-783b-9693-54fcba3513c8
Parsed IDs from comma-separated string in form.
Final bookmark IDs: Array
(
    [0] => 0196b4d4-7074-783b-9693-54fcba3513c8
)

Converted: 0196b4d4-7074-783b-9693-54fcba3513c8 -> 0196b4d47074783b969354fcba3513c8
Bookmarks found with user filter: 1
Deleting bookmark ID: 0196b4d4-7074-783b-9693-54fcba3513c8 for job: Very good opportunity
SUCCESS: Deleted 1 bookmarks
=== DELETE BOOKMARKS DEBUG ===
Time: 2025-11-20 05:11:45
Raw bookmark_ids (form): 01962ab4-ea89-71bf-ad28-3e3cc4381e65
Parsed IDs from comma-separated string in form.
Final bookmark IDs: Array
(
    [0] => 01962ab4-ea89-71bf-ad28-3e3cc4381e65
)

Converted: 01962ab4-ea89-71bf-ad28-3e3cc4381e65 -> 01962ab4ea8971bfad283e3cc4381e65
Bookmarks found with user filter: 1
Deleting bookmark ID: 01962ab4-ea89-71bf-ad28-3e3cc4381e65 for job: ABCD Wound Care Need
SUCCESS: Deleted 1 bookmarks
=== DELETE BOOKMARKS DEBUG ===
Time: 2025-11-20 05:13:52
Raw bookmark_ids (form): 019a9caa-974c-7a34-8f63-32f3e83abc51
Parsed IDs from comma-separated string in form.
Final bookmark IDs: Array
(
    [0] => 019a9caa-974c-7a34-8f63-32f3e83abc51
)

Converted: 019a9caa-974c-7a34-8f63-32f3e83abc51 -> 019a9caa974c7a348f6332f3e83abc51
Bookmarks found with user filter: 1
Deleting bookmark ID: 019a9caa-974c-7a34-8f63-32f3e83abc51 for job: Railroad Conductors
SUCCESS: Deleted 1 bookmarks
=== DELETE BOOKMARKS DEBUG ===
Time: 2025-11-20 05:14:03
Raw bookmark_ids (form): 01961d50-239b-7d03-ab91-2a71cdb472f0
Parsed IDs from comma-separated string in form.
Final bookmark IDs: Array
(
    [0] => 01961d50-239b-7d03-ab91-2a71cdb472f0
)

Converted: 01961d50-239b-7d03-ab91-2a71cdb472f0 -> 01961d50239b7d03ab912a71cdb472f0
Bookmarks found with user filter: 1
Deleting bookmark ID: 01961d50-239b-7d03-ab91-2a71cdb472f0 for job: sdfasfd
SUCCESS: Deleted 1 bookmarks
